TRYING to MAP esp32flash.binMAPPED esp32flash.bin(qemu)  00000000 to memory, 3F400000
[0;32mI (0) cpu_start: App cpu up.[0m
[0;32mI (2) heap_alloc_caps: Initializing. RAM available for dynamic allocation:[0m
[0;32mI (2) heap_alloc_caps: At 3FFAE2A0 len 00001D60 (7 KiB): DRAM[0m
[0;32mI (3) heap_alloc_caps: At 3FFB6138 len 00029EC8 (167 KiB): DRAM[0m
[0;32mI (3) heap_alloc_caps: At 3FFE0440 len 00003BC0 (14 KiB): D/IRAM[0m
[0;32mI (3) heap_alloc_caps: At 3FFE4350 len 0001BCB0 (111 KiB): D/IRAM[0m
[0;32mI (3) heap_alloc_caps: At 40092EEC len 0000D114 (52 KiB): IRAM[0m
[0;32mI (3) cpu_start: Pro cpu start user code[0m
HOST RER TBD
[0;32mI (24) cpu_start: Starting scheduler on PRO CPU.[0m
[0;32mI (25) example: Mounting FAT filesystem[0m
[0;32mI (25) cpu_start: Starting scheduler on APP CPU.[0m
(qemu)  00009000 to memory, 3F409000
(qemu)  00000000 to memory, 3F410000
[0;32mI (95) example: Opening file[0m
[0;32mI (235) example: File written[0m
[0;32mI (235) example: Reading file[0m
[0;32mI (245) example: Read from file: 'written using ESP-IDF v2.0-rc1-761-g65acd99c'[0m
[0;32mI (245) example: Unmounting FAT filesystem[0m
[0;32mI (2295) example: Done[0m
qemu-system-xtensa: terminating on signal 2
